<?xml version="1.0" encoding="UTF-8"?>
<testsuites>
    <testsuite name="force.apex" timestamp="2019-07-11T12:54:58+02:00" hostname="https://curious-panda-gf6fg3-dev-ed.my.salesforce.com" tests="1" failures="0"  errors="0"  time="0.01">
        <properties>
            <property name="outcome" value="Passed"/>
            <property name="testsRan" value="1"/>
            <property name="passing" value="1"/>
            <property name="failing" value="0"/>
            <property name="skipped" value="0"/>
            <property name="passRate" value="100%"/>
            <property name="failRate" value="0%"/>
            <property name="testStartTime" value="Jul 11, 2019 12:54 PM"/>
            <property name="testExecutionTime" value="0.01 s"/>
            <property name="testTotalTime" value="0.01 s"/>
            <property name="commandTime" value="11.13 s"/>
            <property name="hostname" value="https://curious-panda-gf6fg3-dev-ed.my.salesforce.com"/>
            <property name="orgId" value="00D2p0000014BRIEA2"/>
            <property name="username" value="nicholas.fiorendi@curious-panda-gf6fg3.com"/>
            <property name="testRunId" value="7072p00006uarDQ"/>
            <property name="userId" value="0052p000009M7oZAAS"/>
        </properties>
        <testcase name="testloadMockData" classname="myDataGenerationTests" time="0.01">
        </testcase>
    </testsuite>
</testsuites>
